<?xml version="1.0" encoding="UTF-8"?>
<!-- Generated by org.testng.reporters.JUnitReportReporter -->
<testsuite hostname="LAPTOP-L45CF4AI" name="com.valency.testcases.users_test" tests="2" failures="0" timestamp="13 Feb 2019 06:45:29 GMT" time="1.928" errors="0">
  <testcase name="Verifyuserlist" time="0.469" classname="com.valency.testcases.users_test"/>
  <testcase name="VerifyUserDetails" time="1.459" classname="com.valency.testcases.users_test"/>
</testsuite> <!-- com.valency.testcases.users_test -->
