<?xml version="1.0" encoding="UTF-8"?>
<!-- Generated by org.testng.reporters.JUnitReportReporter -->
<testsuite hostname="LAPTOP-L45CF4AI" name="com.seleniumdata.zmartano.LoanDetails" tests="2" failures="0" timestamp="5 Sep 2018 09:39:10 GMT" time="52.870" errors="0">
  <testcase name="verifylogin" time="23.112" classname="com.seleniumdata.zmartano.LoanDetails"/>
  <testcase name="verifylogin" time="29.758" classname="com.seleniumdata.zmartano.LoanDetails"/>
</testsuite> <!-- com.seleniumdata.zmartano.LoanDetails -->
