<?xml version="1.0" encoding="UTF-8"?>
<!-- Generated by org.testng.reporters.JUnitReportReporter -->
<testsuite hostname="LAPTOP-L45CF4AI" name="com.valency.testcases.users_test" tests="2" failures="0" timestamp="20 Feb 2019 05:42:44 GMT" time="2.029" errors="0">
  <testcase name="Verifyuserlist" time="0.393" classname="com.valency.testcases.users_test"/>
  <testcase name="VerifyUserDetails" time="1.636" classname="com.valency.testcases.users_test"/>
</testsuite> <!-- com.valency.testcases.users_test -->
