<?xml version="1.0" encoding="UTF-8"?>
<!-- Generated by org.testng.reporters.JUnitReportReporter -->
<testsuite hostname="LAPTOP-L45CF4AI" name="com.valency.testcases.users_test" tests="1" failures="0" timestamp="8 Feb 2019 10:13:51 GMT" time="1.006" errors="0">
  <testcase name="VerifyUserDetails" time="1.006" classname="com.valency.testcases.users_test"/>
</testsuite> <!-- com.valency.testcases.users_test -->
