<?xml version="1.0" encoding="UTF-8"?>
<!-- Generated by org.testng.reporters.JUnitReportReporter -->
<testsuite hostname="LAPTOP-L45CF4AI" name="com.valency.testcases.login_test" tests="1" failures="0" timestamp="20 Feb 2019 05:42:44 GMT" time="8.704" errors="0">
  <testcase name="VerifyLogin" time="8.704" classname="com.valency.testcases.login_test"/>
</testsuite> <!-- com.valency.testcases.login_test -->
