<?xml version="1.0" encoding="UTF-8"?>
<!-- Generated by org.testng.reporters.JUnitReportReporter -->
<testsuite hostname="LAPTOP-L45CF4AI" name="com.valency.testcases.userstest" tests="1" failures="0" timestamp="7 Feb 2019 12:00:45 GMT" time="0.985" errors="0">
  <testcase name="VerifyUserDetails" time="0.985" classname="com.valency.testcases.userstest"/>
</testsuite> <!-- com.valency.testcases.userstest -->
