<?xml version="1.0" encoding="UTF-8"?>
<!-- Generated by org.testng.reporters.JUnitReportReporter -->
<testsuite hostname="LAPTOP-L45CF4AI" name="com.seleniumhybrid.utils.Configreader" tests="1" failures="0" timestamp="26 Aug 2018 03:09:44 GMT" time="0.024" errors="0">
  <testcase name="setup" time="0.024" classname="com.seleniumhybrid.utils.Configreader"/>
</testsuite> <!-- com.seleniumhybrid.utils.Configreader -->
