<?xml version="1.0" encoding="UTF-8"?>
<!-- Generated by org.testng.reporters.JUnitReportReporter -->
<testsuite hostname="LAPTOP-L45CF4AI" name="com.valency.testcases.hubwise_test" tests="1" failures="0" timestamp="14 Feb 2019 09:26:23 GMT" time="0.869" errors="0">
  <testcase name="Verifyhubwisefilter" time="0.869" classname="com.valency.testcases.hubwise_test"/>
</testsuite> <!-- com.valency.testcases.hubwise_test -->
