<?xml version="1.0" encoding="UTF-8"?>
<!-- Generated by org.testng.reporters.JUnitReportReporter -->
<testsuite hostname="LAPTOP-L45CF4AI" name="com.valency.testcases.login_test" tests="1" failures="0" timestamp="20 Feb 2019 04:34:38 GMT" time="1.416" errors="0">
  <testcase name="VerifyLogin" time="1.416" classname="com.valency.testcases.login_test"/>
</testsuite> <!-- com.valency.testcases.login_test -->
