<?xml version="1.0" encoding="UTF-8"?>
<!-- Generated by org.testng.reporters.JUnitReportReporter -->
<testsuite hostname="LAPTOP-L45CF4AI" name="com.valency.testcases.login_test" tests="1" failures="0" timestamp="13 Feb 2019 06:45:29 GMT" time="1.462" errors="0">
  <testcase name="VerifyLogin" time="1.462" classname="com.valency.testcases.login_test"/>
</testsuite> <!-- com.valency.testcases.login_test -->
