<?xml version="1.0" encoding="UTF-8"?>
<!-- Generated by org.testng.reporters.JUnitReportReporter -->
<testsuite hostname="LAPTOP-L45CF4AI" name="com.seleniumhybrid.utils.ExcelReader" tests="2" failures="0" timestamp="30 Aug 2018 06:56:00 GMT" time="0.019" errors="0">
  <testcase name="data" time="0.017" classname="com.seleniumhybrid.utils.ExcelReader"/>
  <testcase name="data" time="0.002" classname="com.seleniumhybrid.utils.ExcelReader"/>
</testsuite> <!-- com.seleniumhybrid.utils.ExcelReader -->
